<?xml version="1.0" encoding="UTF-8"?>
<!-- Generated by org.testng.reporters.JUnitReportReporter -->
<testsuite hostname="Pooja" failures="0" tests="7" name="testng.invocationdemo" time="0.024" errors="0" timestamp="2025-05-27T08:34:53 IST" skipped="0">
  <testcase classname="testng.invocationdemo" name="pooja" time="0.009">
    <system-out>
      <![CDATA[pooja]]>
    </system-out>
  </testcase> <!-- pooja -->
  <testcase classname="testng.invocationdemo" name="Pooja" time="0.003">
    <system-out>
      <![CDATA[Pooja]]>
    </system-out>
  </testcase> <!-- Pooja -->
  <testcase classname="testng.invocationdemo" name="Pooja" time="0.003">
    <system-out>
      <![CDATA[Pooja]]>
    </system-out>
  </testcase> <!-- Pooja -->
  <testcase classname="testng.invocationdemo" name="arjun" time="0.004">
    <system-out>
      <![CDATA[arjun]]>
    </system-out>
  </testcase> <!-- arjun -->
  <testcase classname="testng.invocationdemo" name="arjun" time="0.001">
    <system-out>
      <![CDATA[arjun]]>
    </system-out>
  </testcase> <!-- arjun -->
  <testcase classname="testng.invocationdemo" name="arjun" time="0.003">
    <system-out>
      <![CDATA[arjun]]>
    </system-out>
  </testcase> <!-- arjun -->
  <testcase classname="testng.invocationdemo" name="Arjun" time="0.001">
    <system-out>
      <![CDATA[Arjun]]>
    </system-out>
  </testcase> <!-- Arjun -->
  <system-out>
    <![CDATA[pooja
Pooja
Pooja
arjun
arjun
arjun
Arjun]]>
  </system-out>
</testsuite> <!-- testng.invocationdemo -->
