<?xml version="1.0" encoding="UTF-8"?>
<!-- Generated by org.testng.reporters.JUnitReportReporter -->
<testsuite hostname="Pooja" failures="0" tests="4" name="testng.prioritydemo$Demo" time="0.017" errors="0" timestamp="2025-05-27T08:17:12 IST" skipped="0">
  <testcase classname="testng.prioritydemo$Demo" name="pooja" time="0.011">
    <system-out>
      <![CDATA[pooja]]>
    </system-out>
  </testcase> <!-- pooja -->
  <testcase classname="testng.prioritydemo$Demo" name="Pooja" time="0.002">
    <system-out>
      <![CDATA[Pooja]]>
    </system-out>
  </testcase> <!-- Pooja -->
  <testcase classname="testng.prioritydemo$Demo" name="arjun" time="0.002">
    <system-out>
      <![CDATA[arjun]]>
    </system-out>
  </testcase> <!-- arjun -->
  <testcase classname="testng.prioritydemo$Demo" name="Arjun" time="0.002">
    <system-out>
      <![CDATA[Arjun]]>
    </system-out>
  </testcase> <!-- Arjun -->
  <system-out>
    <![CDATA[pooja
Pooja
arjun
Arjun]]>
  </system-out>
</testsuite> <!-- testng.prioritydemo$Demo -->
