<?xml version="1.0" encoding="UTF-8"?>
<!-- Generated by org.testng.reporters.JUnitReportReporter -->
<testsuite hostname="Pooja" failures="0" tests="1" name="takescreenshot.Screenshot" time="2.551" errors="0" timestamp="2025-06-05T09:04:05 IST" skipped="0">
  <testcase classname="takescreenshot.Screenshot" name="demo" time="2.551"/>
</testsuite> <!-- takescreenshot.Screenshot -->
