<?xml version="1.0" encoding="UTF-8"?>
<!-- Generated by org.testng.reporters.JUnitReportReporter -->
<testsuite hostname="Pooja" failures="0" tests="4" name="testng.enableddemo" time="0.008" errors="0" timestamp="2025-05-28T07:42:04 IST" skipped="2">
  <testcase classname="testng.enableddemo" name="pooja" time="0.007">
    <system-out>
      <![CDATA[pooja]]>
    </system-out>
  </testcase> <!-- pooja -->
  <testcase classname="testng.enableddemo" name="Arjun" time="0.001">
    <system-out>
      <![CDATA[Arjun]]>
    </system-out>
  </testcase> <!-- Arjun -->
  <testcase classname="testng.enableddemo" name="Pooja">
    <skipped/>
  </testcase> <!-- Pooja -->
  <testcase classname="testng.enableddemo" name="arjun">
    <skipped/>
  </testcase> <!-- arjun -->
  <system-out>
    <![CDATA[pooja
Arjun]]>
  </system-out>
</testsuite> <!-- testng.enableddemo -->
