<?xml version="1.0" encoding="UTF-8"?>
<!-- Generated by org.testng.reporters.JUnitReportReporter -->
<testsuite hostname="Pooja" failures="0" tests="4" name="testng.Demo" time="0.015" errors="0" timestamp="2025-05-27T08:10:05 IST" skipped="0">
  <testcase classname="testng.Demo" name="arjun" time="0.001">
    <system-out>
      <![CDATA[arjun]]>
    </system-out>
  </testcase> <!-- arjun -->
  <testcase classname="testng.Demo" name="Pooja" time="0.002">
    <system-out>
      <![CDATA[Pooja]]>
    </system-out>
  </testcase> <!-- Pooja -->
  <testcase classname="testng.Demo" name="pooja" time="0.003">
    <system-out>
      <![CDATA[pooja]]>
    </system-out>
  </testcase> <!-- pooja -->
  <testcase classname="testng.Demo" name="Arjun" time="0.009">
    <system-out>
      <![CDATA[zArjun]]>
    </system-out>
  </testcase> <!-- Arjun -->
  <system-out>
    <![CDATA[zArjun
Pooja
arjun
pooja]]>
  </system-out>
</testsuite> <!-- testng.Demo -->
