<?xml version="1.0" encoding="UTF-8"?>
<!-- Generated by org.testng.reporters.JUnitReportReporter -->
<testsuite hostname="Pooja" failures="0" tests="4" name="testng.dataproviderdemo" time="0.014" errors="0" timestamp="2025-05-30T23:10:38 IST" skipped="0">
  <testcase classname="testng.dataproviderdemo" name="login" time="0.009">
    <system-out>
      <![CDATA[Pooja-->p@123]]>
    </system-out>
  </testcase> <!-- login -->
  <testcase classname="testng.dataproviderdemo" name="login" time="0.002">
    <system-out>
      <![CDATA[Meenu-->m@123]]>
    </system-out>
  </testcase> <!-- login -->
  <testcase classname="testng.dataproviderdemo" name="login" time="0.001">
    <system-out>
      <![CDATA[Arjun-->a@123]]>
    </system-out>
  </testcase> <!-- login -->
  <testcase classname="testng.dataproviderdemo" name="login" time="0.002">
    <system-out>
      <![CDATA[Juuu-->j@123]]>
    </system-out>
  </testcase> <!-- login -->
  <system-out>
    <![CDATA[Pooja-->p@123
Arjun-->a@123
Juuu-->j@123
Meenu-->m@123]]>
  </system-out>
</testsuite> <!-- testng.dataproviderdemo -->
