<?xml version="1.0" encoding="UTF-8"?>
<!-- Generated by org.testng.reporters.JUnitReportReporter -->
<testsuite hostname="Pooja" failures="0" tests="5" name="testng.dataproviderinexcel" time="0.014" errors="0" timestamp="2025-05-29T08:45:04 IST" skipped="0">
  <testcase classname="testng.dataproviderinexcel" name="login" time="0.001"/>
  <testcase classname="testng.dataproviderinexcel" name="login" time="0.010"/>
  <testcase classname="testng.dataproviderinexcel" name="login" time="0.001"/>
  <testcase classname="testng.dataproviderinexcel" name="login" time="0.001"/>
  <testcase classname="testng.dataproviderinexcel" name="login" time="0.001"/>
</testsuite> <!-- testng.dataproviderinexcel -->
