<?xml version="1.0" encoding="UTF-8"?>
<!-- Generated by org.testng.reporters.JUnitReportReporter -->
<testsuite hostname="Pooja" failures="0" tests="3" name="testng.dependsonmethodsdemo" time="2.868" errors="0" timestamp="2025-05-28T07:48:22 IST" skipped="0">
  <testcase classname="testng.dependsonmethodsdemo" name="student" time="1.234">
    <system-out>
      <![CDATA[Students]]>
    </system-out>
  </testcase> <!-- student -->
  <testcase classname="testng.dependsonmethodsdemo" name="basicselenium" time="1.549">
    <system-out>
      <![CDATA[BasicSelenium]]>
    </system-out>
  </testcase> <!-- basicselenium -->
  <testcase classname="testng.dependsonmethodsdemo" name="advanceselenium" time="0.085">
    <system-out>
      <![CDATA[AdvanceSelenium]]>
    </system-out>
  </testcase> <!-- advanceselenium -->
  <system-out>
    <![CDATA[Students
BasicSelenium
AdvanceSelenium]]>
  </system-out>
</testsuite> <!-- testng.dependsonmethodsdemo -->
