<?xml version="1.0" encoding="UTF-8"?>
<!-- Generated by org.testng.reporters.JUnitReportReporter -->
<testsuite hostname="Pooja" failures="0" tests="5" name="testng.threadpoolsizedemo" time="8.289" errors="0" timestamp="2025-05-27T08:53:08 IST" skipped="0">
  <testcase classname="testng.threadpoolsizedemo" name="Pooja" time="2.127">
    <system-out>
      <![CDATA[Pooja]]>
    </system-out>
  </testcase> <!-- Pooja -->
  <testcase classname="testng.threadpoolsizedemo" name="Pooja" time="2.127">
    <system-out>
      <![CDATA[Pooja]]>
    </system-out>
  </testcase> <!-- Pooja -->
  <testcase classname="testng.threadpoolsizedemo" name="Pooja" time="1.326">
    <system-out>
      <![CDATA[Pooja]]>
    </system-out>
  </testcase> <!-- Pooja -->
  <testcase classname="testng.threadpoolsizedemo" name="Pooja" time="1.337">
    <system-out>
      <![CDATA[Pooja]]>
    </system-out>
  </testcase> <!-- Pooja -->
  <testcase classname="testng.threadpoolsizedemo" name="Pooja" time="1.372">
    <system-out>
      <![CDATA[Pooja]]>
    </system-out>
  </testcase> <!-- Pooja -->
  <system-out>
    <![CDATA[Pooja
Pooja
Pooja
Pooja
Pooja]]>
  </system-out>
</testsuite> <!-- testng.threadpoolsizedemo -->
