<?xml version="1.0" encoding="UTF-8"?>
<!-- Generated by org.testng.reporters.JUnitReportReporter -->
<testsuite hostname="Pooja" failures="0" tests="1" name="testng.configAnnotationsdemo" time="0.006" errors="0" timestamp="2025-05-30T23:11:08 IST" skipped="0">
  <testcase classname="testng.configAnnotationsdemo" name="test1" time="0.006"/>
  <system-out>
    <![CDATA[Before Suite-->Establish the database connection
Before Test-->Pre Condition
Before Class-->Launch browser
Before Method-->Login
After Method-->Logout
After Class-->Close the browser
After Test-->Post Condition
After Suite-->Close the database connection]]>
  </system-out>
</testsuite> <!-- testng.configAnnotationsdemo -->
